<?xml version="1.0" encoding="UTF-8"?>
<testng-results ignored="0" total="1" passed="1" failed="0" skipped="0">
  <reporter-output>
  </reporter-output>
  <suite started-at="2023-12-18T12:04:31 IST" name="Default suite" finished-at="2023-12-18T12:04:31 IST" duration-ms="318">
    <groups>
    </groups>
    <test started-at="2023-12-18T12:04:31 IST" name="Default test" finished-at="2023-12-18T12:04:31 IST" duration-ms="318">
      <class name="JenkinPractice.Demo1">
        <test-method signature="aTest()[pri:0, instance:JenkinPractice.Demo1@470734c3]" started-at="2023-12-18T12:04:31 IST" name="aTest" finished-at="2023-12-18T12:04:31 IST" duration-ms="27" status="PASS">
          <reporter-output>
          </reporter-output>
        </test-method> <!-- aTest -->
      </class> <!-- JenkinPractice.Demo1 -->
    </test> <!-- Default test -->
  </suite> <!-- Default suite -->
</testng-results>
